Determining if the pthread_create exist failed with the following output:
Change Dir: /home/pancho/research_ws/build/CMakeFiles/CMakeTmp

Run Build Command:/usr/bin/make "cmTryCompileExec284410892/fast"
/usr/bin/make -f CMakeFiles/cmTryCompileExec284410892.dir/build.make CMakeFiles/cmTryCompileExec284410892.dir/build
make[1]: ディレクトリ `/home/pancho/research_ws/build/CMakeFiles/CMakeTmp' に入ります
/usr/bin/cmake -E cmake_progress_report /home/pancho/research_ws/build/CMakeFiles/CMakeTmp/CMakeFiles 1
Building C object CMakeFiles/cmTryCompileExec284410892.dir/CheckSymbolExists.c.o
/usr/bin/cc    -o CMakeFiles/cmTryCompileExec284410892.dir/CheckSymbolExists.c.o   -c /home/pancho/research_ws/build/CMakeFiles/CMakeTmp/CheckSymbolExists.c
Linking C executable cmTryCompileExec284410892
/usr/bin/cmake -E cmake_link_script CMakeFiles/cmTryCompileExec284410892.dir/link.txt --verbose=1
/usr/bin/cc       CMakeFiles/cmTryCompileExec284410892.dir/CheckSymbolExists.c.o  -o cmTryCompileExec284410892 -rdynamic 
CMakeFiles/cmTryCompileExec284410892.dir/CheckSymbolExists.c.o: 関数 `main' 内:
CheckSymbolExists.c:(.text+0x16): `pthread_create' に対する定義されていない参照です
collect2: error: ld returned 1 exit status
make[1]: *** [cmTryCompileExec284410892] エラー 1
make[1]: ディレクトリ `/home/pancho/research_ws/build/CMakeFiles/CMakeTmp' から出ます
make: *** [cmTryCompileExec284410892/fast] エラー 2

File /home/pancho/research_ws/build/CMakeFiles/CMakeTmp/CheckSymbolExists.c:
/* */
#include <pthread.h>

int main(int argc, char** argv)
{
  (void)argv;
#ifndef pthread_create
  return ((int*)(&pthread_create))[argc];
#else
  (void)argc;
  return 0;
#endif
}

Determining if the function pthread_create exists in the pthreads failed with the following output:
Change Dir: /home/pancho/research_ws/build/CMakeFiles/CMakeTmp

Run Build Command:/usr/bin/make "cmTryCompileExec2370131006/fast"
/usr/bin/make -f CMakeFiles/cmTryCompileExec2370131006.dir/build.make CMakeFiles/cmTryCompileExec2370131006.dir/build
make[1]: ディレクトリ `/home/pancho/research_ws/build/CMakeFiles/CMakeTmp' に入ります
/usr/bin/cmake -E cmake_progress_report /home/pancho/research_ws/build/CMakeFiles/CMakeTmp/CMakeFiles 1
Building C object CMakeFiles/cmTryCompileExec2370131006.dir/CheckFunctionExists.c.o
/usr/bin/cc   -DCHECK_FUNCTION_EXISTS=pthread_create   -o CMakeFiles/cmTryCompileExec2370131006.dir/CheckFunctionExists.c.o   -c /usr/share/cmake-2.8/Modules/CheckFunctionExists.c
Linking C executable cmTryCompileExec2370131006
/usr/bin/cmake -E cmake_link_script CMakeFiles/cmTryCompileExec2370131006.dir/link.txt --verbose=1
/usr/bin/cc   -DCHECK_FUNCTION_EXISTS=pthread_create    CMakeFiles/cmTryCompileExec2370131006.dir/CheckFunctionExists.c.o  -o cmTryCompileExec2370131006 -rdynamic -lpthreads 
/usr/bin/ld: -lpthreads が見つかりません
collect2: error: ld returned 1 exit status
make[1]: *** [cmTryCompileExec2370131006] エラー 1
make[1]: ディレクトリ `/home/pancho/research_ws/build/CMakeFiles/CMakeTmp' から出ます
make: *** [cmTryCompileExec2370131006/fast] エラー 2


